{"/Users/patrickbartosik/Documents/web/A3/Testing/build/interfaces/Dataset.interface.js": {"path":"/Users/patrickbartosik/Documents/web/A3/Testing/build/interfaces/Dataset.interface.js","all":true,"statementMap":{"0":{"start":{"line":1,"column":0},"end":{"line":1,"column":13}},"1":{"start":{"line":2,"column":0},"end":{"line":2,"column":62}}},"s":{"0":0,"1":0},"branchMap":{"0":{"type":"branch","line":1,"loc":{"start":{"line":1,"column":76},"end":{"line":2,"column":62}},"locations":[{"start":{"line":1,"column":76},"end":{"line":2,"column":62}}]}},"b":{"0":[0]},"fnMap":{"0":{"name":"(empty-report)","decl":{"start":{"line":1,"column":76},"end":{"line":2,"column":62}},"loc":{"start":{"line":1,"column":76},"end":{"line":2,"column":62}},"line":1}},"f":{"0":0}}
,"/Users/patrickbartosik/Documents/web/A3/Testing/src/function.ts": {"path":"/Users/patrickbartosik/Documents/web/A3/Testing/src/function.ts","all":false,"statementMap":{"0":{"start":{"line":1,"column":0},"end":{"line":1,"column":26}},"1":{"start":{"line":2,"column":0},"end":{"line":2,"column":0}},"2":{"start":{"line":3,"column":0},"end":{"line":3,"column":41}},"3":{"start":{"line":4,"column":0},"end":{"line":4,"column":69}},"4":{"start":{"line":5,"column":0},"end":{"line":5,"column":48}},"5":{"start":{"line":6,"column":0},"end":{"line":6,"column":109}},"6":{"start":{"line":7,"column":0},"end":{"line":7,"column":59}},"7":{"start":{"line":8,"column":0},"end":{"line":8,"column":25}},"8":{"start":{"line":9,"column":0},"end":{"line":9,"column":1}},"9":{"start":{"line":10,"column":0},"end":{"line":10,"column":0}},"10":{"start":{"line":11,"column":0},"end":{"line":11,"column":33}},"11":{"start":{"line":12,"column":0},"end":{"line":12,"column":46}},"12":{"start":{"line":13,"column":0},"end":{"line":13,"column":29}},"13":{"start":{"line":14,"column":0},"end":{"line":14,"column":1}}},"s":{"0":1,"1":1,"2":1,"3":1,"4":1,"5":1,"6":1,"7":1,"8":1,"9":1,"10":1,"11":1,"12":1,"13":1},"branchMap":{"0":{"type":"branch","line":4,"loc":{"start":{"line":4,"column":0},"end":{"line":9,"column":1}},"locations":[{"start":{"line":4,"column":0},"end":{"line":9,"column":1}}]},"1":{"type":"branch","line":12,"loc":{"start":{"line":12,"column":7},"end":{"line":14,"column":1}},"locations":[{"start":{"line":12,"column":7},"end":{"line":14,"column":1}}]}},"b":{"0":[1],"1":[1]},"fnMap":{"0":{"name":"calldependance","decl":{"start":{"line":4,"column":0},"end":{"line":9,"column":1}},"loc":{"start":{"line":4,"column":0},"end":{"line":9,"column":1}},"line":4},"1":{"name":"action","decl":{"start":{"line":12,"column":7},"end":{"line":14,"column":1}},"loc":{"start":{"line":12,"column":7},"end":{"line":14,"column":1}},"line":12}},"f":{"0":1,"1":1}}
,"/Users/patrickbartosik/Documents/web/A3/Testing/src/server.ts": {"path":"/Users/patrickbartosik/Documents/web/A3/Testing/src/server.ts","all":false,"statementMap":{"0":{"start":{"line":1,"column":0},"end":{"line":1,"column":33}},"1":{"start":{"line":2,"column":0},"end":{"line":2,"column":22}},"2":{"start":{"line":3,"column":0},"end":{"line":3,"column":24}},"3":{"start":{"line":4,"column":0},"end":{"line":4,"column":29}},"4":{"start":{"line":5,"column":0},"end":{"line":5,"column":35}},"5":{"start":{"line":6,"column":0},"end":{"line":6,"column":43}},"6":{"start":{"line":7,"column":0},"end":{"line":7,"column":49}},"7":{"start":{"line":8,"column":0},"end":{"line":8,"column":53}},"8":{"start":{"line":9,"column":0},"end":{"line":9,"column":0}},"9":{"start":{"line":10,"column":0},"end":{"line":10,"column":59}},"10":{"start":{"line":11,"column":0},"end":{"line":11,"column":15}},"11":{"start":{"line":12,"column":0},"end":{"line":12,"column":108}},"12":{"start":{"line":13,"column":0},"end":{"line":13,"column":3}},"13":{"start":{"line":14,"column":0},"end":{"line":14,"column":0}},"14":{"start":{"line":15,"column":0},"end":{"line":15,"column":3}},"15":{"start":{"line":16,"column":0},"end":{"line":16,"column":39}},"16":{"start":{"line":17,"column":0},"end":{"line":17,"column":57}},"17":{"start":{"line":18,"column":0},"end":{"line":18,"column":3}},"18":{"start":{"line":19,"column":0},"end":{"line":19,"column":38}},"19":{"start":{"line":20,"column":0},"end":{"line":20,"column":34}},"20":{"start":{"line":21,"column":0},"end":{"line":21,"column":79}},"21":{"start":{"line":22,"column":0},"end":{"line":22,"column":69}},"22":{"start":{"line":23,"column":0},"end":{"line":23,"column":21}},"23":{"start":{"line":24,"column":0},"end":{"line":24,"column":1}},"24":{"start":{"line":25,"column":0},"end":{"line":25,"column":0}},"25":{"start":{"line":26,"column":0},"end":{"line":26,"column":3}},"26":{"start":{"line":27,"column":0},"end":{"line":27,"column":50}},"27":{"start":{"line":28,"column":0},"end":{"line":28,"column":44}},"28":{"start":{"line":29,"column":0},"end":{"line":29,"column":3}},"29":{"start":{"line":30,"column":0},"end":{"line":30,"column":49}},"30":{"start":{"line":31,"column":0},"end":{"line":31,"column":26}},"31":{"start":{"line":32,"column":0},"end":{"line":32,"column":0}},"32":{"start":{"line":33,"column":0},"end":{"line":33,"column":18}},"33":{"start":{"line":34,"column":0},"end":{"line":34,"column":20}},"34":{"start":{"line":35,"column":0},"end":{"line":35,"column":0}},"35":{"start":{"line":36,"column":0},"end":{"line":36,"column":28}},"36":{"start":{"line":37,"column":0},"end":{"line":37,"column":32}},"37":{"start":{"line":38,"column":0},"end":{"line":38,"column":35}},"38":{"start":{"line":39,"column":0},"end":{"line":39,"column":60}},"39":{"start":{"line":40,"column":0},"end":{"line":40,"column":0}},"40":{"start":{"line":41,"column":0},"end":{"line":41,"column":39}},"41":{"start":{"line":42,"column":0},"end":{"line":42,"column":35}},"42":{"start":{"line":43,"column":0},"end":{"line":43,"column":43}},"43":{"start":{"line":44,"column":0},"end":{"line":44,"column":25}},"44":{"start":{"line":45,"column":0},"end":{"line":45,"column":20}},"45":{"start":{"line":46,"column":0},"end":{"line":46,"column":26}},"46":{"start":{"line":47,"column":0},"end":{"line":47,"column":47}},"47":{"start":{"line":48,"column":0},"end":{"line":48,"column":39}},"48":{"start":{"line":49,"column":0},"end":{"line":49,"column":10}},"49":{"start":{"line":50,"column":0},"end":{"line":50,"column":7}},"50":{"start":{"line":51,"column":0},"end":{"line":51,"column":0}},"51":{"start":{"line":52,"column":0},"end":{"line":52,"column":15}},"52":{"start":{"line":53,"column":0},"end":{"line":53,"column":1}},"53":{"start":{"line":54,"column":0},"end":{"line":54,"column":0}},"54":{"start":{"line":55,"column":0},"end":{"line":55,"column":21}},"55":{"start":{"line":56,"column":0},"end":{"line":56,"column":11}},"56":{"start":{"line":57,"column":0},"end":{"line":57,"column":1}},"57":{"start":{"line":58,"column":0},"end":{"line":58,"column":0}},"58":{"start":{"line":59,"column":0},"end":{"line":59,"column":25}}},"s":{"0":1,"1":1,"2":1,"3":1,"4":1,"5":1,"6":1,"7":1,"8":1,"9":1,"10":1,"11":1,"12":1,"13":1,"14":1,"15":1,"16":1,"17":1,"18":1,"19":1,"20":1,"21":1,"22":1,"23":1,"24":1,"25":1,"26":1,"27":1,"28":1,"29":2,"30":2,"31":2,"32":2,"33":2,"34":2,"35":2,"36":2,"37":2,"38":2,"39":2,"40":2,"41":2,"42":0,"43":0,"44":0,"45":0,"46":0,"47":0,"48":0,"49":2,"50":2,"51":2,"52":2,"53":1,"54":1,"55":1,"56":1,"57":1,"58":1},"branchMap":{"0":{"type":"branch","line":12,"loc":{"start":{"line":12,"column":63},"end":{"line":12,"column":100}},"locations":[{"start":{"line":12,"column":63},"end":{"line":12,"column":100}}]},"1":{"type":"branch","line":19,"loc":{"start":{"line":19,"column":0},"end":{"line":24,"column":1}},"locations":[{"start":{"line":19,"column":0},"end":{"line":24,"column":1}}]},"2":{"type":"branch","line":30,"loc":{"start":{"line":30,"column":0},"end":{"line":53,"column":1}},"locations":[{"start":{"line":30,"column":0},"end":{"line":53,"column":1}}]}},"b":{"0":[0],"1":[1],"2":[2]},"fnMap":{"0":{"name":"main","decl":{"start":{"line":19,"column":0},"end":{"line":24,"column":1}},"loc":{"start":{"line":19,"column":0},"end":{"line":24,"column":1}},"line":19},"1":{"name":"createApp","decl":{"start":{"line":30,"column":0},"end":{"line":53,"column":1}},"loc":{"start":{"line":30,"column":0},"end":{"line":53,"column":1}},"line":30}},"f":{"0":1,"1":2}}
,"/Users/patrickbartosik/Documents/web/A3/Testing/src/routes/datasetRoute.ts": {"path":"/Users/patrickbartosik/Documents/web/A3/Testing/src/routes/datasetRoute.ts","all":false,"statementMap":{"0":{"start":{"line":1,"column":0},"end":{"line":1,"column":51}},"1":{"start":{"line":2,"column":0},"end":{"line":2,"column":54}},"2":{"start":{"line":3,"column":0},"end":{"line":3,"column":62}},"3":{"start":{"line":4,"column":0},"end":{"line":4,"column":0}},"4":{"start":{"line":5,"column":0},"end":{"line":5,"column":41}},"5":{"start":{"line":6,"column":0},"end":{"line":6,"column":0}},"6":{"start":{"line":7,"column":0},"end":{"line":7,"column":33}},"7":{"start":{"line":8,"column":0},"end":{"line":8,"column":22}},"8":{"start":{"line":9,"column":0},"end":{"line":9,"column":3}},"9":{"start":{"line":10,"column":0},"end":{"line":10,"column":0}},"10":{"start":{"line":11,"column":0},"end":{"line":11,"column":73}},"11":{"start":{"line":12,"column":0},"end":{"line":12,"column":23}},"12":{"start":{"line":13,"column":0},"end":{"line":13,"column":3}},"13":{"start":{"line":14,"column":0},"end":{"line":14,"column":0}},"14":{"start":{"line":15,"column":0},"end":{"line":15,"column":28}}},"s":{"0":1,"1":1,"2":1,"3":1,"4":1,"5":1,"6":1,"7":1,"8":1,"9":1,"10":1,"11":1,"12":1,"13":1,"14":1},"branchMap":{"0":{"type":"branch","line":11,"loc":{"start":{"line":11,"column":42},"end":{"line":13,"column":3}},"locations":[{"start":{"line":11,"column":42},"end":{"line":13,"column":3}}]}},"b":{"0":[1]},"fnMap":{},"f":{}}
,"/Users/patrickbartosik/Documents/web/A3/Testing/src/routes/functionRoutes.ts": {"path":"/Users/patrickbartosik/Documents/web/A3/Testing/src/routes/functionRoutes.ts","all":false,"statementMap":{"0":{"start":{"line":1,"column":0},"end":{"line":1,"column":51}},"1":{"start":{"line":2,"column":0},"end":{"line":2,"column":53}},"2":{"start":{"line":3,"column":0},"end":{"line":3,"column":54}},"3":{"start":{"line":4,"column":0},"end":{"line":4,"column":0}},"4":{"start":{"line":5,"column":0},"end":{"line":5,"column":28}},"5":{"start":{"line":6,"column":0},"end":{"line":6,"column":0}},"6":{"start":{"line":7,"column":0},"end":{"line":7,"column":73}},"7":{"start":{"line":8,"column":0},"end":{"line":8,"column":42}},"8":{"start":{"line":9,"column":0},"end":{"line":9,"column":63}},"9":{"start":{"line":10,"column":0},"end":{"line":10,"column":28}},"10":{"start":{"line":11,"column":0},"end":{"line":11,"column":3}},"11":{"start":{"line":12,"column":0},"end":{"line":12,"column":0}},"12":{"start":{"line":13,"column":0},"end":{"line":13,"column":81}},"13":{"start":{"line":14,"column":0},"end":{"line":14,"column":42}},"14":{"start":{"line":15,"column":0},"end":{"line":15,"column":71}},"15":{"start":{"line":16,"column":0},"end":{"line":16,"column":46}},"16":{"start":{"line":17,"column":0},"end":{"line":17,"column":60}},"17":{"start":{"line":18,"column":0},"end":{"line":18,"column":22}},"18":{"start":{"line":19,"column":0},"end":{"line":19,"column":3}},"19":{"start":{"line":20,"column":0},"end":{"line":20,"column":0}},"20":{"start":{"line":21,"column":0},"end":{"line":21,"column":22}}},"s":{"0":1,"1":1,"2":1,"3":1,"4":1,"5":1,"6":1,"7":0,"8":0,"9":0,"10":0,"11":1,"12":1,"13":0,"14":0,"15":0,"16":0,"17":0,"18":0,"19":1,"20":1},"branchMap":{},"b":{},"fnMap":{},"f":{}}
,"/Users/patrickbartosik/Documents/web/A3/Testing/src/routes/hotel.ts": {"path":"/Users/patrickbartosik/Documents/web/A3/Testing/src/routes/hotel.ts","all":false,"statementMap":{"0":{"start":{"line":1,"column":0},"end":{"line":1,"column":51}},"1":{"start":{"line":2,"column":0},"end":{"line":2,"column":28}},"2":{"start":{"line":3,"column":0},"end":{"line":3,"column":24}},"3":{"start":{"line":4,"column":0},"end":{"line":4,"column":54}},"4":{"start":{"line":5,"column":0},"end":{"line":5,"column":0}},"5":{"start":{"line":6,"column":0},"end":{"line":6,"column":24}},"6":{"start":{"line":7,"column":0},"end":{"line":7,"column":21}},"7":{"start":{"line":8,"column":0},"end":{"line":8,"column":2}},"8":{"start":{"line":9,"column":0},"end":{"line":9,"column":0}},"9":{"start":{"line":10,"column":0},"end":{"line":10,"column":19}},"10":{"start":{"line":11,"column":0},"end":{"line":11,"column":19}},"11":{"start":{"line":12,"column":0},"end":{"line":12,"column":19}},"12":{"start":{"line":13,"column":0},"end":{"line":13,"column":1}},"13":{"start":{"line":14,"column":0},"end":{"line":14,"column":0}},"14":{"start":{"line":15,"column":0},"end":{"line":15,"column":17}},"15":{"start":{"line":16,"column":0},"end":{"line":16,"column":17}},"16":{"start":{"line":17,"column":0},"end":{"line":17,"column":22}},"17":{"start":{"line":18,"column":0},"end":{"line":18,"column":18}},"18":{"start":{"line":19,"column":0},"end":{"line":19,"column":1}},"19":{"start":{"line":20,"column":0},"end":{"line":20,"column":0}},"20":{"start":{"line":21,"column":0},"end":{"line":21,"column":18}},"21":{"start":{"line":22,"column":0},"end":{"line":22,"column":27}},"22":{"start":{"line":23,"column":0},"end":{"line":23,"column":1}},"23":{"start":{"line":24,"column":0},"end":{"line":24,"column":0}},"24":{"start":{"line":25,"column":0},"end":{"line":25,"column":16}},"25":{"start":{"line":26,"column":0},"end":{"line":26,"column":0}},"26":{"start":{"line":27,"column":0},"end":{"line":27,"column":1}},"27":{"start":{"line":28,"column":0},"end":{"line":28,"column":0}},"28":{"start":{"line":29,"column":0},"end":{"line":29,"column":36}},"29":{"start":{"line":30,"column":0},"end":{"line":30,"column":15}},"30":{"start":{"line":31,"column":0},"end":{"line":31,"column":9}},"31":{"start":{"line":32,"column":0},"end":{"line":32,"column":34}},"32":{"start":{"line":33,"column":0},"end":{"line":33,"column":25}},"33":{"start":{"line":34,"column":0},"end":{"line":34,"column":44}},"34":{"start":{"line":35,"column":0},"end":{"line":35,"column":43}},"35":{"start":{"line":36,"column":0},"end":{"line":36,"column":13}},"36":{"start":{"line":37,"column":0},"end":{"line":37,"column":9}},"37":{"start":{"line":38,"column":0},"end":{"line":38,"column":6}},"38":{"start":{"line":39,"column":0},"end":{"line":39,"column":15}},"39":{"start":{"line":40,"column":0},"end":{"line":40,"column":9}},"40":{"start":{"line":41,"column":0},"end":{"line":41,"column":38}},"41":{"start":{"line":42,"column":0},"end":{"line":42,"column":25}},"42":{"start":{"line":43,"column":0},"end":{"line":43,"column":44}},"43":{"start":{"line":44,"column":0},"end":{"line":44,"column":43}},"44":{"start":{"line":45,"column":0},"end":{"line":45,"column":13}},"45":{"start":{"line":46,"column":0},"end":{"line":46,"column":9}},"46":{"start":{"line":47,"column":0},"end":{"line":47,"column":6}},"47":{"start":{"line":48,"column":0},"end":{"line":48,"column":15}},"48":{"start":{"line":49,"column":0},"end":{"line":49,"column":9}},"49":{"start":{"line":50,"column":0},"end":{"line":50,"column":43}},"50":{"start":{"line":51,"column":0},"end":{"line":51,"column":25}},"51":{"start":{"line":52,"column":0},"end":{"line":52,"column":45}},"52":{"start":{"line":53,"column":0},"end":{"line":53,"column":63}},"53":{"start":{"line":54,"column":0},"end":{"line":54,"column":13}},"54":{"start":{"line":55,"column":0},"end":{"line":55,"column":9}},"55":{"start":{"line":56,"column":0},"end":{"line":56,"column":6}},"56":{"start":{"line":57,"column":0},"end":{"line":57,"column":2}},"57":{"start":{"line":58,"column":0},"end":{"line":58,"column":0}},"58":{"start":{"line":59,"column":0},"end":{"line":59,"column":35}},"59":{"start":{"line":60,"column":0},"end":{"line":60,"column":15}},"60":{"start":{"line":61,"column":0},"end":{"line":61,"column":9}},"61":{"start":{"line":62,"column":0},"end":{"line":62,"column":34}},"62":{"start":{"line":63,"column":0},"end":{"line":63,"column":25}},"63":{"start":{"line":64,"column":0},"end":{"line":64,"column":44}},"64":{"start":{"line":65,"column":0},"end":{"line":65,"column":43}},"65":{"start":{"line":66,"column":0},"end":{"line":66,"column":14}},"66":{"start":{"line":67,"column":0},"end":{"line":67,"column":27}},"67":{"start":{"line":68,"column":0},"end":{"line":68,"column":9}},"68":{"start":{"line":69,"column":0},"end":{"line":69,"column":6}},"69":{"start":{"line":70,"column":0},"end":{"line":70,"column":15}},"70":{"start":{"line":71,"column":0},"end":{"line":71,"column":9}},"71":{"start":{"line":72,"column":0},"end":{"line":72,"column":38}},"72":{"start":{"line":73,"column":0},"end":{"line":73,"column":25}},"73":{"start":{"line":74,"column":0},"end":{"line":74,"column":44}},"74":{"start":{"line":75,"column":0},"end":{"line":75,"column":43}},"75":{"start":{"line":76,"column":0},"end":{"line":76,"column":14}},"76":{"start":{"line":77,"column":0},"end":{"line":77,"column":27}},"77":{"start":{"line":78,"column":0},"end":{"line":78,"column":9}},"78":{"start":{"line":79,"column":0},"end":{"line":79,"column":6}},"79":{"start":{"line":80,"column":0},"end":{"line":80,"column":15}},"80":{"start":{"line":81,"column":0},"end":{"line":81,"column":9}},"81":{"start":{"line":82,"column":0},"end":{"line":82,"column":43}},"82":{"start":{"line":83,"column":0},"end":{"line":83,"column":25}},"83":{"start":{"line":84,"column":0},"end":{"line":84,"column":45}},"84":{"start":{"line":85,"column":0},"end":{"line":85,"column":63}},"85":{"start":{"line":86,"column":0},"end":{"line":86,"column":14}},"86":{"start":{"line":87,"column":0},"end":{"line":87,"column":26}},"87":{"start":{"line":88,"column":0},"end":{"line":88,"column":9}},"88":{"start":{"line":89,"column":0},"end":{"line":89,"column":6}},"89":{"start":{"line":90,"column":0},"end":{"line":90,"column":2}},"90":{"start":{"line":91,"column":0},"end":{"line":91,"column":0}},"91":{"start":{"line":92,"column":0},"end":{"line":92,"column":59}},"92":{"start":{"line":93,"column":0},"end":{"line":93,"column":15}},"93":{"start":{"line":94,"column":0},"end":{"line":94,"column":108}},"94":{"start":{"line":95,"column":0},"end":{"line":95,"column":3}},"95":{"start":{"line":96,"column":0},"end":{"line":96,"column":0}},"96":{"start":{"line":97,"column":0},"end":{"line":97,"column":41}},"97":{"start":{"line":98,"column":0},"end":{"line":98,"column":0}},"98":{"start":{"line":99,"column":0},"end":{"line":99,"column":65}},"99":{"start":{"line":100,"column":0},"end":{"line":100,"column":47}},"100":{"start":{"line":101,"column":0},"end":{"line":101,"column":62}},"101":{"start":{"line":102,"column":0},"end":{"line":102,"column":16}},"102":{"start":{"line":103,"column":0},"end":{"line":103,"column":30}},"103":{"start":{"line":104,"column":0},"end":{"line":104,"column":9}},"104":{"start":{"line":105,"column":0},"end":{"line":105,"column":6}},"105":{"start":{"line":106,"column":0},"end":{"line":106,"column":0}},"106":{"start":{"line":107,"column":0},"end":{"line":107,"column":67}},"107":{"start":{"line":108,"column":0},"end":{"line":108,"column":20}},"108":{"start":{"line":109,"column":0},"end":{"line":109,"column":42}},"109":{"start":{"line":110,"column":0},"end":{"line":110,"column":40}},"110":{"start":{"line":111,"column":0},"end":{"line":111,"column":41}},"111":{"start":{"line":112,"column":0},"end":{"line":112,"column":9}},"112":{"start":{"line":113,"column":0},"end":{"line":113,"column":6}},"113":{"start":{"line":114,"column":0},"end":{"line":114,"column":0}},"114":{"start":{"line":115,"column":0},"end":{"line":115,"column":81}},"115":{"start":{"line":116,"column":0},"end":{"line":116,"column":54}},"116":{"start":{"line":117,"column":0},"end":{"line":117,"column":59}},"117":{"start":{"line":118,"column":0},"end":{"line":118,"column":62}},"118":{"start":{"line":119,"column":0},"end":{"line":119,"column":118}},"119":{"start":{"line":120,"column":0},"end":{"line":120,"column":50}},"120":{"start":{"line":121,"column":0},"end":{"line":121,"column":33}},"121":{"start":{"line":122,"column":0},"end":{"line":122,"column":90}},"122":{"start":{"line":123,"column":0},"end":{"line":123,"column":20}},"123":{"start":{"line":124,"column":0},"end":{"line":124,"column":38}},"124":{"start":{"line":125,"column":0},"end":{"line":125,"column":13}},"125":{"start":{"line":126,"column":0},"end":{"line":126,"column":32}},"126":{"start":{"line":127,"column":0},"end":{"line":127,"column":29}},"127":{"start":{"line":128,"column":0},"end":{"line":128,"column":54}},"128":{"start":{"line":129,"column":0},"end":{"line":129,"column":16}},"129":{"start":{"line":130,"column":0},"end":{"line":130,"column":30}},"130":{"start":{"line":131,"column":0},"end":{"line":131,"column":9}},"131":{"start":{"line":132,"column":0},"end":{"line":132,"column":6}},"132":{"start":{"line":133,"column":0},"end":{"line":133,"column":0}},"133":{"start":{"line":134,"column":0},"end":{"line":134,"column":73}},"134":{"start":{"line":135,"column":0},"end":{"line":135,"column":73}},"135":{"start":{"line":136,"column":0},"end":{"line":136,"column":97}},"136":{"start":{"line":137,"column":0},"end":{"line":137,"column":44}},"137":{"start":{"line":138,"column":0},"end":{"line":138,"column":44}},"138":{"start":{"line":139,"column":0},"end":{"line":139,"column":13}},"139":{"start":{"line":140,"column":0},"end":{"line":140,"column":25}},"140":{"start":{"line":141,"column":0},"end":{"line":141,"column":25}},"141":{"start":{"line":142,"column":0},"end":{"line":142,"column":0}},"142":{"start":{"line":143,"column":0},"end":{"line":143,"column":53}},"143":{"start":{"line":144,"column":0},"end":{"line":144,"column":29}},"144":{"start":{"line":145,"column":0},"end":{"line":145,"column":74}},"145":{"start":{"line":146,"column":0},"end":{"line":146,"column":16}},"146":{"start":{"line":147,"column":0},"end":{"line":147,"column":36}},"147":{"start":{"line":148,"column":0},"end":{"line":148,"column":9}},"148":{"start":{"line":149,"column":0},"end":{"line":149,"column":7}}},"s":{"0":1,"1":1,"2":1,"3":1,"4":1,"5":1,"6":1,"7":1,"8":1,"9":1,"10":1,"11":1,"12":1,"13":1,"14":1,"15":1,"16":1,"17":1,"18":1,"19":1,"20":1,"21":1,"22":1,"23":1,"24":1,"25":1,"26":1,"27":1,"28":1,"29":1,"30":1,"31":1,"32":1,"33":1,"34":1,"35":1,"36":1,"37":1,"38":1,"39":1,"40":1,"41":1,"42":1,"43":1,"44":1,"45":1,"46":1,"47":1,"48":1,"49":1,"50":1,"51":1,"52":1,"53":1,"54":1,"55":1,"56":1,"57":1,"58":1,"59":1,"60":1,"61":1,"62":1,"63":1,"64":1,"65":1,"66":1,"67":1,"68":1,"69":1,"70":1,"71":1,"72":1,"73":1,"74":1,"75":1,"76":1,"77":1,"78":1,"79":1,"80":1,"81":1,"82":1,"83":1,"84":1,"85":1,"86":1,"87":1,"88":1,"89":1,"90":1,"91":1,"92":1,"93":1,"94":1,"95":1,"96":1,"97":1,"98":1,"99":0,"100":0,"101":0,"102":0,"103":0,"104":0,"105":1,"106":1,"107":0,"108":0,"109":0,"110":0,"111":0,"112":0,"113":1,"114":1,"115":0,"116":0,"117":0,"118":0,"119":0,"120":0,"121":0,"122":0,"123":0,"124":0,"125":0,"126":0,"127":0,"128":0,"129":0,"130":0,"131":0,"132":1,"133":1,"134":0,"135":0,"136":0,"137":0,"138":0,"139":0,"140":0,"141":0,"142":0,"143":0,"144":0,"145":0,"146":0,"147":0,"148":0},"branchMap":{"0":{"type":"branch","line":94,"loc":{"start":{"line":94,"column":63},"end":{"line":94,"column":100}},"locations":[{"start":{"line":94,"column":63},"end":{"line":94,"column":100}}]}},"b":{"0":[0]},"fnMap":{},"f":{}}
,"/Users/patrickbartosik/Documents/web/A3/Testing/src/routes/mainRoute.ts": {"path":"/Users/patrickbartosik/Documents/web/A3/Testing/src/routes/mainRoute.ts","all":false,"statementMap":{"0":{"start":{"line":1,"column":0},"end":{"line":1,"column":51}},"1":{"start":{"line":2,"column":0},"end":{"line":2,"column":28}},"2":{"start":{"line":3,"column":0},"end":{"line":3,"column":24}},"3":{"start":{"line":4,"column":0},"end":{"line":4,"column":54}},"4":{"start":{"line":5,"column":0},"end":{"line":5,"column":0}},"5":{"start":{"line":6,"column":0},"end":{"line":6,"column":24}},"6":{"start":{"line":7,"column":0},"end":{"line":7,"column":16}},"7":{"start":{"line":8,"column":0},"end":{"line":8,"column":2}},"8":{"start":{"line":9,"column":0},"end":{"line":9,"column":0}},"9":{"start":{"line":10,"column":0},"end":{"line":10,"column":59}},"10":{"start":{"line":11,"column":0},"end":{"line":11,"column":15}},"11":{"start":{"line":12,"column":0},"end":{"line":12,"column":108}},"12":{"start":{"line":13,"column":0},"end":{"line":13,"column":3}},"13":{"start":{"line":14,"column":0},"end":{"line":14,"column":0}},"14":{"start":{"line":15,"column":0},"end":{"line":15,"column":41}},"15":{"start":{"line":16,"column":0},"end":{"line":16,"column":0}},"16":{"start":{"line":17,"column":0},"end":{"line":17,"column":65}},"17":{"start":{"line":18,"column":0},"end":{"line":18,"column":20}},"18":{"start":{"line":19,"column":0},"end":{"line":19,"column":49}},"19":{"start":{"line":20,"column":0},"end":{"line":20,"column":9}},"20":{"start":{"line":21,"column":0},"end":{"line":21,"column":6}},"21":{"start":{"line":22,"column":0},"end":{"line":22,"column":0}},"22":{"start":{"line":23,"column":0},"end":{"line":23,"column":72}},"23":{"start":{"line":24,"column":0},"end":{"line":24,"column":20}},"24":{"start":{"line":25,"column":0},"end":{"line":25,"column":50}},"25":{"start":{"line":26,"column":0},"end":{"line":26,"column":9}},"26":{"start":{"line":27,"column":0},"end":{"line":27,"column":6}}},"s":{"0":1,"1":1,"2":1,"3":1,"4":1,"5":1,"6":1,"7":1,"8":1,"9":1,"10":1,"11":1,"12":1,"13":1,"14":1,"15":1,"16":1,"17":1,"18":1,"19":1,"20":1,"21":1,"22":1,"23":0,"24":0,"25":0,"26":0},"branchMap":{"0":{"type":"branch","line":12,"loc":{"start":{"line":12,"column":63},"end":{"line":12,"column":100}},"locations":[{"start":{"line":12,"column":63},"end":{"line":12,"column":100}}]},"1":{"type":"branch","line":17,"loc":{"start":{"line":17,"column":34},"end":{"line":21,"column":6}},"locations":[{"start":{"line":17,"column":34},"end":{"line":21,"column":6}}]}},"b":{"0":[0],"1":[1]},"fnMap":{},"f":{}}
,"/Users/patrickbartosik/Documents/web/A3/Testing/src/security/rateLimiter.ts": {"path":"/Users/patrickbartosik/Documents/web/A3/Testing/src/security/rateLimiter.ts","all":false,"statementMap":{"0":{"start":{"line":1,"column":0},"end":{"line":1,"column":43}},"1":{"start":{"line":2,"column":0},"end":{"line":2,"column":0}},"2":{"start":{"line":3,"column":0},"end":{"line":3,"column":3}},"3":{"start":{"line":4,"column":0},"end":{"line":4,"column":72}},"4":{"start":{"line":5,"column":0},"end":{"line":5,"column":83}},"5":{"start":{"line":6,"column":0},"end":{"line":6,"column":96}},"6":{"start":{"line":7,"column":0},"end":{"line":7,"column":75}},"7":{"start":{"line":8,"column":0},"end":{"line":8,"column":3}},"8":{"start":{"line":9,"column":0},"end":{"line":9,"column":73}},"9":{"start":{"line":10,"column":0},"end":{"line":10,"column":33}},"10":{"start":{"line":11,"column":0},"end":{"line":11,"column":46}},"11":{"start":{"line":12,"column":0},"end":{"line":12,"column":17}},"12":{"start":{"line":13,"column":0},"end":{"line":13,"column":42}},"13":{"start":{"line":14,"column":0},"end":{"line":14,"column":7}},"14":{"start":{"line":15,"column":0},"end":{"line":15,"column":1}}},"s":{"0":1,"1":1,"2":1,"3":1,"4":1,"5":1,"6":1,"7":1,"8":1,"9":9,"10":9,"11":9,"12":9,"13":9,"14":9},"branchMap":{"0":{"type":"branch","line":9,"loc":{"start":{"line":9,"column":27},"end":{"line":15,"column":1}},"locations":[{"start":{"line":9,"column":27},"end":{"line":15,"column":1}}]}},"b":{"0":[9]},"fnMap":{"0":{"name":"rateLimiter","decl":{"start":{"line":9,"column":27},"end":{"line":15,"column":1}},"loc":{"start":{"line":9,"column":27},"end":{"line":15,"column":1}},"line":9}},"f":{"0":9}}
,"/Users/patrickbartosik/Documents/web/A3/Testing/src/utils/Testing-Spies.ts": {"path":"/Users/patrickbartosik/Documents/web/A3/Testing/src/utils/Testing-Spies.ts","all":false,"statementMap":{"0":{"start":{"line":1,"column":0},"end":{"line":1,"column":12}},"1":{"start":{"line":2,"column":0},"end":{"line":2,"column":17}},"2":{"start":{"line":3,"column":0},"end":{"line":3,"column":18}},"3":{"start":{"line":4,"column":0},"end":{"line":4,"column":21}},"4":{"start":{"line":5,"column":0},"end":{"line":5,"column":0}},"5":{"start":{"line":6,"column":0},"end":{"line":6,"column":46}},"6":{"start":{"line":7,"column":0},"end":{"line":7,"column":25}},"7":{"start":{"line":8,"column":0},"end":{"line":8,"column":27}},"8":{"start":{"line":9,"column":0},"end":{"line":9,"column":25}},"9":{"start":{"line":10,"column":0},"end":{"line":10,"column":5}},"10":{"start":{"line":11,"column":0},"end":{"line":11,"column":0}},"11":{"start":{"line":12,"column":0},"end":{"line":12,"column":26}},"12":{"start":{"line":13,"column":0},"end":{"line":13,"column":24}},"13":{"start":{"line":14,"column":0},"end":{"line":14,"column":39}},"14":{"start":{"line":15,"column":0},"end":{"line":15,"column":75}},"15":{"start":{"line":16,"column":0},"end":{"line":16,"column":13}},"16":{"start":{"line":17,"column":0},"end":{"line":17,"column":16}},"17":{"start":{"line":18,"column":0},"end":{"line":18,"column":53}},"18":{"start":{"line":19,"column":0},"end":{"line":19,"column":9}},"19":{"start":{"line":20,"column":0},"end":{"line":20,"column":5}},"20":{"start":{"line":21,"column":0},"end":{"line":21,"column":0}},"21":{"start":{"line":22,"column":0},"end":{"line":22,"column":27}},"22":{"start":{"line":23,"column":0},"end":{"line":23,"column":43}},"23":{"start":{"line":24,"column":0},"end":{"line":24,"column":5}},"24":{"start":{"line":25,"column":0},"end":{"line":25,"column":0}},"25":{"start":{"line":26,"column":0},"end":{"line":26,"column":30}},"26":{"start":{"line":27,"column":0},"end":{"line":27,"column":46}},"27":{"start":{"line":28,"column":0},"end":{"line":28,"column":5}},"28":{"start":{"line":29,"column":0},"end":{"line":29,"column":0}},"29":{"start":{"line":30,"column":0},"end":{"line":30,"column":21}},"30":{"start":{"line":31,"column":0},"end":{"line":31,"column":28}},"31":{"start":{"line":32,"column":0},"end":{"line":32,"column":29}},"32":{"start":{"line":33,"column":0},"end":{"line":33,"column":32}},"33":{"start":{"line":34,"column":0},"end":{"line":34,"column":5}},"34":{"start":{"line":35,"column":0},"end":{"line":35,"column":1}},"35":{"start":{"line":36,"column":0},"end":{"line":36,"column":0}},"36":{"start":{"line":37,"column":0},"end":{"line":37,"column":20}}},"s":{"0":1,"1":1,"2":1,"3":1,"4":1,"5":1,"6":1,"7":1,"8":1,"9":1,"10":1,"11":1,"12":1,"13":1,"14":0,"15":0,"16":1,"17":0,"18":0,"19":1,"20":1,"21":1,"22":1,"23":1,"24":1,"25":1,"26":1,"27":1,"28":1,"29":1,"30":1,"31":1,"32":1,"33":1,"34":1,"35":1,"36":1},"branchMap":{"0":{"type":"branch","line":1,"loc":{"start":{"line":1,"column":0},"end":{"line":35,"column":1}},"locations":[{"start":{"line":1,"column":0},"end":{"line":35,"column":1}}]},"1":{"type":"branch","line":6,"loc":{"start":{"line":6,"column":4},"end":{"line":10,"column":5}},"locations":[{"start":{"line":6,"column":4},"end":{"line":10,"column":5}}]},"2":{"type":"branch","line":12,"loc":{"start":{"line":12,"column":4},"end":{"line":20,"column":5}},"locations":[{"start":{"line":12,"column":4},"end":{"line":20,"column":5}}]},"3":{"type":"branch","line":14,"loc":{"start":{"line":14,"column":38},"end":{"line":16,"column":13}},"locations":[{"start":{"line":14,"column":38},"end":{"line":16,"column":13}}]},"4":{"type":"branch","line":17,"loc":{"start":{"line":17,"column":8},"end":{"line":19,"column":9}},"locations":[{"start":{"line":17,"column":8},"end":{"line":19,"column":9}}]},"5":{"type":"branch","line":22,"loc":{"start":{"line":22,"column":4},"end":{"line":24,"column":5}},"locations":[{"start":{"line":22,"column":4},"end":{"line":24,"column":5}}]},"6":{"type":"branch","line":26,"loc":{"start":{"line":26,"column":4},"end":{"line":28,"column":5}},"locations":[{"start":{"line":26,"column":4},"end":{"line":28,"column":5}}]},"7":{"type":"branch","line":30,"loc":{"start":{"line":30,"column":4},"end":{"line":34,"column":5}},"locations":[{"start":{"line":30,"column":4},"end":{"line":34,"column":5}}]}},"b":{"0":[1],"1":[1],"2":[1],"3":[0],"4":[0],"5":[1],"6":[1],"7":[1]},"fnMap":{"0":{"name":"<instance_members_initializer>","decl":{"start":{"line":1,"column":0},"end":{"line":35,"column":1}},"loc":{"start":{"line":1,"column":0},"end":{"line":35,"column":1}},"line":1},"1":{"name":"User","decl":{"start":{"line":6,"column":4},"end":{"line":10,"column":5}},"loc":{"start":{"line":6,"column":4},"end":{"line":10,"column":5}},"line":6},"2":{"name":"validateName","decl":{"start":{"line":12,"column":4},"end":{"line":20,"column":5}},"loc":{"start":{"line":12,"column":4},"end":{"line":20,"column":5}},"line":12},"3":{"name":"validateEmail","decl":{"start":{"line":22,"column":4},"end":{"line":24,"column":5}},"loc":{"start":{"line":22,"column":4},"end":{"line":24,"column":5}},"line":22},"4":{"name":"validatePassword","decl":{"start":{"line":26,"column":4},"end":{"line":28,"column":5}},"loc":{"start":{"line":26,"column":4},"end":{"line":28,"column":5}},"line":26},"5":{"name":"isValid","decl":{"start":{"line":30,"column":4},"end":{"line":34,"column":5}},"loc":{"start":{"line":30,"column":4},"end":{"line":34,"column":5}},"line":30}},"f":{"0":1,"1":1,"2":1,"3":1,"4":1,"5":1}}
,"/Users/patrickbartosik/Documents/web/A3/Testing/src/utils/Testing-object-equality.ts": {"path":"/Users/patrickbartosik/Documents/web/A3/Testing/src/utils/Testing-object-equality.ts","all":false,"statementMap":{"0":{"start":{"line":1,"column":0},"end":{"line":1,"column":12}},"1":{"start":{"line":2,"column":0},"end":{"line":2,"column":17}},"2":{"start":{"line":3,"column":0},"end":{"line":3,"column":18}},"3":{"start":{"line":4,"column":0},"end":{"line":4,"column":21}},"4":{"start":{"line":5,"column":0},"end":{"line":5,"column":0}},"5":{"start":{"line":6,"column":0},"end":{"line":6,"column":46}},"6":{"start":{"line":7,"column":0},"end":{"line":7,"column":25}},"7":{"start":{"line":8,"column":0},"end":{"line":8,"column":27}},"8":{"start":{"line":9,"column":0},"end":{"line":9,"column":25}},"9":{"start":{"line":10,"column":0},"end":{"line":10,"column":5}},"10":{"start":{"line":11,"column":0},"end":{"line":11,"column":0}},"11":{"start":{"line":12,"column":0},"end":{"line":12,"column":26}},"12":{"start":{"line":13,"column":0},"end":{"line":13,"column":24}},"13":{"start":{"line":14,"column":0},"end":{"line":14,"column":39}},"14":{"start":{"line":15,"column":0},"end":{"line":15,"column":75}},"15":{"start":{"line":16,"column":0},"end":{"line":16,"column":13}},"16":{"start":{"line":17,"column":0},"end":{"line":17,"column":16}},"17":{"start":{"line":18,"column":0},"end":{"line":18,"column":53}},"18":{"start":{"line":19,"column":0},"end":{"line":19,"column":9}},"19":{"start":{"line":20,"column":0},"end":{"line":20,"column":5}},"20":{"start":{"line":21,"column":0},"end":{"line":21,"column":1}},"21":{"start":{"line":22,"column":0},"end":{"line":22,"column":0}},"22":{"start":{"line":23,"column":0},"end":{"line":23,"column":20}}},"s":{"0":3,"1":3,"2":3,"3":3,"4":3,"5":3,"6":3,"7":3,"8":3,"9":3,"10":3,"11":3,"12":2,"13":1,"14":1,"15":1,"16":1,"17":1,"18":1,"19":2,"20":3,"21":1,"22":1},"branchMap":{"0":{"type":"branch","line":1,"loc":{"start":{"line":1,"column":0},"end":{"line":21,"column":1}},"locations":[{"start":{"line":1,"column":0},"end":{"line":21,"column":1}}]},"1":{"type":"branch","line":6,"loc":{"start":{"line":6,"column":4},"end":{"line":10,"column":5}},"locations":[{"start":{"line":6,"column":4},"end":{"line":10,"column":5}}]},"2":{"type":"branch","line":12,"loc":{"start":{"line":12,"column":4},"end":{"line":20,"column":5}},"locations":[{"start":{"line":12,"column":4},"end":{"line":20,"column":5}}]},"3":{"type":"branch","line":13,"loc":{"start":{"line":13,"column":23},"end":{"line":19,"column":9}},"locations":[{"start":{"line":13,"column":23},"end":{"line":19,"column":9}}]}},"b":{"0":[3],"1":[3],"2":[2],"3":[1]},"fnMap":{"0":{"name":"<instance_members_initializer>","decl":{"start":{"line":1,"column":0},"end":{"line":21,"column":1}},"loc":{"start":{"line":1,"column":0},"end":{"line":21,"column":1}},"line":1},"1":{"name":"User","decl":{"start":{"line":6,"column":4},"end":{"line":10,"column":5}},"loc":{"start":{"line":6,"column":4},"end":{"line":10,"column":5}},"line":6},"2":{"name":"validateName","decl":{"start":{"line":12,"column":4},"end":{"line":20,"column":5}},"loc":{"start":{"line":12,"column":4},"end":{"line":20,"column":5}},"line":12}},"f":{"0":3,"1":3,"2":2}}
,"/Users/patrickbartosik/Documents/web/A3/Testing/src/utils/Testing-string-equality.ts": {"path":"/Users/patrickbartosik/Documents/web/A3/Testing/src/utils/Testing-string-equality.ts","all":false,"statementMap":{"0":{"start":{"line":1,"column":0},"end":{"line":1,"column":44}},"1":{"start":{"line":2,"column":0},"end":{"line":2,"column":18}},"2":{"start":{"line":3,"column":0},"end":{"line":3,"column":47}},"3":{"start":{"line":4,"column":0},"end":{"line":4,"column":5}},"4":{"start":{"line":5,"column":0},"end":{"line":5,"column":28}},"5":{"start":{"line":6,"column":0},"end":{"line":6,"column":1}}},"s":{"0":1,"1":2,"2":1,"3":1,"4":1,"5":1},"branchMap":{"0":{"type":"branch","line":1,"loc":{"start":{"line":1,"column":7},"end":{"line":6,"column":1}},"locations":[{"start":{"line":1,"column":7},"end":{"line":6,"column":1}}]},"1":{"type":"branch","line":2,"loc":{"start":{"line":2,"column":17},"end":{"line":6,"column":1}},"locations":[{"start":{"line":2,"column":17},"end":{"line":6,"column":1}}]}},"b":{"0":[2],"1":[1]},"fnMap":{"0":{"name":"sayHelloTo","decl":{"start":{"line":1,"column":7},"end":{"line":6,"column":1}},"loc":{"start":{"line":1,"column":7},"end":{"line":6,"column":1}},"line":1}},"f":{"0":2}}
}
